*************************************************************************
*****        G A M M A   S P E C T R U M    A N A L Y S I S         *****
*************************************************************************


Filename: DSA1000A                                                     

Report Generated On             : 6/25/2018   9:44:14 PM

Sample Title                    : Sample title.                          
Sample Description              :                                 
Sample Identification           :                 
Sample Type                     :                 
Sample Geometry                 :                 

Peak Locate Threshold           :  2.50
Peak Locate Range (in channels) :     1 - 65535
Peak Area Range (in channels)   :   100 -  8172
Identification Energy Tolerance :    3.000 keV

Sample Size                     :  1.000E+000 Unit    

Sample Taken On                 :                       
Acquisition Started             : 6/25/2018   9:42:46 PM

Live Time                       :       60.0 seconds
Real Time                       :       74.2 seconds

Dead Time                       :  19.09 %


              Energy Calibration Used Done On       : 6/23/2018 
              Efficiency Calibration Used Done On   : 6/23/2018 
              Efficiency ID                         :                        

Peak Analysis Report             6/25/2018   9:44:15 PM            Page  2


**************************************************************************
*****           P E A K    A N A L Y S I S    R E P O R T            *****
**************************************************************************


     Detector Name:  DSA1000A                        
     Sample Title:   Sample title.                                     
     Peak Analysis Performed on:  6/25/2018   9:44:15 PM
               Peak Analysis From Channel:      1
               Peak Analysis To Channel:     8192

   Peak  ROI  ROI    Peak    Energy   FWHM  Net Peak  Net Area  Continuum 
    No. start end  centroid   (keV)   (keV)  Area     Uncert.    Counts 

    1    26-   47    40.79    10.88   2.69       812.9  110.70   2.92E+003 
    2    81-   89    84.60    22.83   0.58       -39.9  105.55   5.23E+003 
    3   124-  133   129.48    35.07   0.28        34.8  110.05   5.34E+003 
 M  4   234-  268   240.59    65.39   1.31       363.3   73.42   7.36E+003 
 m  5   234-  268   247.10    67.16   1.31      2457.8   91.16   8.49E+003 
 m  6   234-  268   253.40    68.88   1.32      5444.3  112.29   8.05E+003 
 m  7   234-  268   260.56    70.84   1.32      3193.7   93.62   8.16E+003 
    8   279-  290   286.33    77.87   1.18       231.3  146.09   8.32E+003 
    9   290-  300   294.58    80.12   1.14       709.3  135.60   7.31E+003 
   10   567-  574   570.82   155.48   0.72        10.1   91.67   4.16E+003 
   11   895-  903   898.87   244.98   0.42        19.5  118.82   6.59E+003 
   12   978-  991   987.03   269.04   0.75        80.0  115.66   4.82E+003 
   13  1243- 1253  1247.47   340.09   0.72         6.7   59.47   1.48E+003 
   14  1360- 1374  1370.36   373.61   0.30        35.1   74.52   1.91E+003 
 M 15  1378- 1391  1380.66   376.43   0.33        22.3   29.42   6.41E+002 
 m 16  1378- 1391  1387.51   378.29   0.33        30.9   40.71   6.23E+002 
   17  1457- 1464  1460.83   398.30   0.37        14.9   45.67   1.02E+003 
 M 18  1479- 1538  1509.82   411.66   1.62    327539.4  574.20   2.32E+003 
 m 19  1479- 1538  1522.06   415.00   1.63       796.1   48.19   2.24E+003 
   20  1610- 1619  1615.21   440.42   0.30         4.5   31.17   4.28E+002 
   21  1664- 1687  1683.67   459.10   0.27       -62.2   51.05   6.65E+002 
   22  1752- 1765  1761.23   480.25   0.58        63.6   27.90   2.59E+002 
   23  1786- 1802  1790.00   488.10   0.96        32.5   28.18   2.44E+002 
   24  1911- 1922  1916.16   522.52   0.27        14.8   15.75   9.22E+001 
   25  2340- 2349  2344.01   639.25   0.41         6.6   10.77   4.84E+001 
   26  2465- 2488  2478.05   675.82   1.79      1615.4   46.15   1.30E+002 
   27  2521- 2530  2525.26   688.70   0.62         3.4    9.15   3.36E+001 
   28  2552- 2561  2556.33   697.18   0.45         6.1    7.60   2.19E+001 
   29  2625- 2634  2629.96   717.27   0.27         0.6    6.92   2.04E+001 
   30  2663- 2672  2667.74   727.57   0.40         9.7    7.43   1.93E+001 
   31  2747- 2757  2751.85   750.52   0.39         0.8    6.68   1.72E+001 
   32  2841- 2850  2845.06   775.95   0.43        -0.5    6.94   2.05E+001 
   33  2902- 2911  2906.28   792.65   0.29         4.0    5.40   1.10E+001 
   34  2986- 2995  2990.02   815.50   0.27        -1.1    5.29   1.01E+001 
   35  3010- 3031  3020.06   823.70   1.79       855.0   32.04   4.70E+001 
   36  3036- 3045  3040.48   829.27   0.30         1.9    4.68   8.07E+000 
   37  3976- 3999  3988.92  1088.03   0.93       337.2   19.29   8.82E+000 
   38  5351- 5362  5356.89  1461.24   1.40        20.0    5.95   6.00E+000 

M = First peak in a multiplet region
m = Other peak in a multiplet region
F = Fitted singlet

Peak Analysis Report             6/25/2018   9:44:15 PM            Page  3

Errors quoted at  1.000 sigma
Nuclide Identification Report        6/25/2018   9:44:15 PM        Page  4


No nuclide identification results available for reporting purposes
*************************************************************************
*****        G A M M A   S P E C T R U M    A N A L Y S I S         *****
*************************************************************************


Filename: DSA1000A                                                     

Report Generated On             : 6/25/2018   9:44:16 PM

Sample Title                    : Sample title.                          
Sample Description              :                                 
Sample Identification           :                 
Sample Type                     :                 
Sample Geometry                 :                 

Peak Locate Threshold           :  2.50
Peak Locate Range (in channels) :     1 - 65535
Peak Area Range (in channels)   :     1 -  8192
Identification Energy Tolerance :    3.000 keV

Sample Size                     :  1.000E+000 Unit    

Sample Taken On                 :                       
Acquisition Started             : 6/25/2018   9:42:46 PM

Live Time                       :       60.0 seconds
Real Time                       :       74.2 seconds

Dead Time                       :  19.09 %


              Energy Calibration Used Done On       : 6/23/2018 
              Efficiency Calibration Used Done On   : 6/23/2018 
              Efficiency ID                         :                        

Energy Calibration Report            6/25/2018   9:44:16 PM       Page  5


**************************************************************************
*****       E N E R G Y   C A L I B R A T I O N   R E P O R T        *****
**************************************************************************

     Detector Name:  DSA1000A                        
     Sample Title:   Sample title.                                     

       *************  ENERGY CALIBRATION COEFFICIENTS  *************

               Energy Calibrate Performed on:  6/23/2018  12:56:08 PM
                       by:                       
               Energy Calibrate Type:          POLY    

   Energy(keV) =    -0.253 +     0.273*ch +  0.00E+000*ch^2 +  0.00E+000*ch^3

       *************  SHAPE CALIBRATION COEFFICIENTS   *************

               Shape Calibrate Performed on:  6/23/2018  12:56:08 PM
                       by:                        

               FWHM     =     0.795  +   0.026*E^1/2

               LOW TAIL =   0.0E+000 +  0.0E+000*E

****************     ENERGY CALIBRATION RESULTS TABLE     ****************

                    Centroid      Centroid         Energy
                    Channel       error            (keV )
                      220.59        0.07             60.01
                      317.99        0.02             86.54
                      386.80        0.01            105.31
                      451.84        0.03            122.06
                     2426.14        0.01            661.66
                     3062.96        0.38            834.83

       *********     SHAPE CALIBRATION RESULTS TABLE      *********

             Energy     FWHM       FWHM         TAIL        TAIL
             (keV )     channels   error        channels    error
               60.01      3.13      0.17           0.00      0.00
               86.54      3.87      0.04           0.00      0.00
              105.31      3.88      0.01           0.00      0.00
              122.06      3.92      0.07           0.00      0.00
              661.66      5.34      0.01           0.00      0.00
              834.83      1.36      0.55           0.00      0.00
Efficiency Calibration Report             6/25/2018   9:44:16 PM   Page  6


**************************************************************************
*****   E F F I C I E N C Y   C A L I B R A T I O N    R E P O R T   *****
**************************************************************************

     Detector Name:  DSA1000A                        
     Sample Title:   Sample title.                                     

     Geometry Description:                 
     Efficiency Calibration Performed on:  6/23/2018   4:29:36 PM
                       by:                         
     Geometry Type Used:   INTERPOL        

                            Efficiency Triplets
                            ===================

                   Energy         Efficiency        Error

                     60.00         2.39E-002      2.06E-003
                     86.50         7.50E-002      1.86E-004
                    105.30         9.27E-002      2.42E-004
                    176.30         9.35E-002      6.01E-004
                    427.90         4.77E-002      2.21E-004
                    600.60         3.51E-002      2.22E-004
                    834.80         2.64E-002      2.00E-004
                   1173.20         1.87E-002      5.20E-005
                   1332.50         1.69E-002      4.80E-005

                      DUAL Efficiency Calibration Equation
                      ====================================

         Single Equation Terms ->   Offset:     -143.191
                                     Slope:       91.147
                                 Quadratic:      -21.757
                                     Cubic:        2.279
                                 4th Order:       -0.089
                                 5th Order:        0.000
                                 6th Order:        0.000
                                 7th Order:        0.000
                                 8th Order:        0.000
                                 9th Order:        0.000
Efficiency Calibration Report             6/25/2018   9:44:16 PM   Page  7


                      EMPIRICAL Efficiency Calibration Equation
                      =========================================

      Empirical Equation Terms ->  Scaling:      696.250
                                    Offset:       -3.494
                                     Slope:        0.899
                                 Quadratic:        0.043
                                     Cubic:        0.059
                                 4th Order:       -0.089
                                 5th Order:        0.000

                      LINEAR Efficiency Calibration Equation
                      ======================================

         Linear Equation Terms ->   Offset:       -0.000
                                     Slope:       -1.569
                                 Quadratic:      189.136
                                     Cubic:   -17233.867
                                 4th Order:   376762.938
                                 5th Order:        0.000
                                 6th Order:        0.000
                                 7th Order:        0.000
                                 8th Order:        0.000
                                 9th Order:        0.000
Peak-to-Total Calibration Report          6/25/2018   9:44:16 PM   Page  8


**************************************************************************
**   P E A K - T O - T O T A L   C A L I B R A T I O N   R E P O R T   ***
**************************************************************************

     Detector Name:  DSA1000A                        
     Sample Title:   Sample title.                                     


                  Peak-to-Total Calibration Equation
                  =============================================

                                 No Peak-to-Total Equation

Peak Locate Analysis Report             6/25/2018   9:44:16 PM     Page  9

**************************************************************************
*****             P E A K    L O C A T E    R E P O R T              *****
**************************************************************************

     Detector Name:  DSA1000A                        
     Sample Title:   Sample title.                                     
               Peak Locate Performed on:  6/25/2018   9:44:14 PM
               Peak Locate From Channel:      1
               Peak Locate To Channel:    65535
               Peak Search Sensitivity:     2.50

     Peak   Centroid    Centroid     Energy       Peak
      No.    Channel   Uncertainty   (keV)    Significance

       1       40.79      <NA>         10.88      <NA> 
       2       84.60      <NA>         22.83      <NA> 
       3      129.48      <NA>         35.07      <NA> 
       4      242.00      <NA>         65.39      <NA> 
       5      247.05      <NA>         67.16      <NA> 
       6      253.48      <NA>         68.88      <NA> 
       7      260.73      <NA>         70.84      <NA> 
       8      286.33      <NA>         77.87      <NA> 
       9      294.58      <NA>         80.12      <NA> 
      10      570.82      <NA>        155.48      <NA> 
      11      898.87      <NA>        244.98      <NA> 
      12      987.03      <NA>        269.04      <NA> 
      13     1247.47      <NA>        340.09      <NA> 
      14     1370.36      <NA>        373.61      <NA> 
      15     1381.02      <NA>        376.43      <NA> 
      16     1387.43      <NA>        378.29      <NA> 
      17     1460.83      <NA>        398.30      <NA> 
      18     1509.74      <NA>        411.66      <NA> 
      19     1525.00      <NA>        415.00      <NA> 
      20     1615.21      <NA>        440.42      <NA> 
      21     1683.67      <NA>        459.10      <NA> 
      22     1761.23      <NA>        480.25      <NA> 
      23     1790.00      <NA>        488.10      <NA> 
      24     1916.16      <NA>        522.52      <NA> 
      25     2344.01      <NA>        639.25      <NA> 
      26     2478.05      <NA>        675.82      <NA> 
      27     2525.26      <NA>        688.70      <NA> 
      28     2556.33      <NA>        697.18      <NA> 
      29     2629.96      <NA>        717.27      <NA> 
      30     2667.74      <NA>        727.57      <NA> 
      31     2751.85      <NA>        750.52      <NA> 
      32     2845.06      <NA>        775.95      <NA> 
      33     2906.28      <NA>        792.65      <NA> 
      34     2990.02      <NA>        815.50      <NA> 
      35     3020.06      <NA>        823.70      <NA> 
      36     3040.48      <NA>        829.27      <NA> 
      37     3988.92      <NA>       1088.03      <NA> 
      38     5356.89      <NA>       1461.24      <NA> 

? = Adjacent peak noted

Errors quoted at  1.000 sigma
Peak Analysis Report             6/25/2018   9:44:16 PM            Page 10


**************************************************************************
*****           P E A K    A N A L Y S I S    R E P O R T            *****
**************************************************************************


     Detector Name:  DSA1000A                        
     Sample Title:   Sample title.                                     
     Peak Analysis Performed on:  6/25/2018   9:44:15 PM
               Peak Analysis From Channel:      1
               Peak Analysis To Channel:     8192

   Peak  ROI  ROI    Peak    Energy   FWHM  Net Peak  Net Area  Continuum 
    No. start end  centroid   (keV)   (keV)  Area     Uncert.    Counts 

    1    26-   47    40.79    10.88   2.69       812.9  110.70   2.92E+003 
    2    81-   89    84.60    22.83   0.58       -39.9  105.55   5.23E+003 
    3   124-  133   129.48    35.07   0.28        34.8  110.05   5.34E+003 
 M  4   234-  268   240.59    65.39   1.31       363.3   73.42   7.36E+003 
 m  5   234-  268   247.10    67.16   1.31      2457.8   91.16   8.49E+003 
 m  6   234-  268   253.40    68.88   1.32      5444.3  112.29   8.05E+003 
 m  7   234-  268   260.56    70.84   1.32      3193.7   93.62   8.16E+003 
    8   279-  290   286.33    77.87   1.18       231.3  146.09   8.32E+003 
    9   290-  300   294.58    80.12   1.14       709.3  135.60   7.31E+003 
   10   567-  574   570.82   155.48   0.72        10.1   91.67   4.16E+003 
   11   895-  903   898.87   244.98   0.42        19.5  118.82   6.59E+003 
   12   978-  991   987.03   269.04   0.75        80.0  115.66   4.82E+003 
   13  1243- 1253  1247.47   340.09   0.72         6.7   59.47   1.48E+003 
   14  1360- 1374  1370.36   373.61   0.30        35.1   74.52   1.91E+003 
 M 15  1378- 1391  1380.66   376.43   0.33        22.3   29.42   6.41E+002 
 m 16  1378- 1391  1387.51   378.29   0.33        30.9   40.71   6.23E+002 
   17  1457- 1464  1460.83   398.30   0.37        14.9   45.67   1.02E+003 
 M 18  1479- 1538  1509.82   411.66   1.62    327539.4  574.20   2.32E+003 
 m 19  1479- 1538  1522.06   415.00   1.63       796.1   48.19   2.24E+003 
   20  1610- 1619  1615.21   440.42   0.30         4.5   31.17   4.28E+002 
   21  1664- 1687  1683.67   459.10   0.27       -62.2   51.05   6.65E+002 
   22  1752- 1765  1761.23   480.25   0.58        63.6   27.90   2.59E+002 
   23  1786- 1802  1790.00   488.10   0.96        32.5   28.18   2.44E+002 
   24  1911- 1922  1916.16   522.52   0.27        14.8   15.75   9.22E+001 
   25  2340- 2349  2344.01   639.25   0.41         6.6   10.77   4.84E+001 
   26  2465- 2488  2478.05   675.82   1.79      1615.4   46.15   1.30E+002 
   27  2521- 2530  2525.26   688.70   0.62         3.4    9.15   3.36E+001 
   28  2552- 2561  2556.33   697.18   0.45         6.1    7.60   2.19E+001 
   29  2625- 2634  2629.96   717.27   0.27         0.6    6.92   2.04E+001 
   30  2663- 2672  2667.74   727.57   0.40         9.7    7.43   1.93E+001 
   31  2747- 2757  2751.85   750.52   0.39         0.8    6.68   1.72E+001 
   32  2841- 2850  2845.06   775.95   0.43        -0.5    6.94   2.05E+001 
   33  2902- 2911  2906.28   792.65   0.29         4.0    5.40   1.10E+001 
   34  2986- 2995  2990.02   815.50   0.27        -1.1    5.29   1.01E+001 
   35  3010- 3031  3020.06   823.70   1.79       855.0   32.04   4.70E+001 
   36  3036- 3045  3040.48   829.27   0.30         1.9    4.68   8.07E+000 
   37  3976- 3999  3988.92  1088.03   0.93       337.2   19.29   8.82E+000 
   38  5351- 5362  5356.89  1461.24   1.40        20.0    5.95   6.00E+000 

M = First peak in a multiplet region
m = Other peak in a multiplet region
F = Fitted singlet

Peak Analysis Report             6/25/2018   9:44:16 PM            Page 11

Errors quoted at  1.000 sigma

*******************************************************************************
*****  S T A N D A R D   V M S   P E A K   A N A L Y S I S   R E P O R T  *****
*******************************************************************************

        Configuration Title:                                         
        Spectrum Title:              Sample title.            
        Peak Analysis Performed on:  6/25/18   9:44:15 PM
        Peak Analysis From Channel:      1    To Channel:     8192
        Peak Search Sensitivity:      2.50    Gaussian Sensitivity:  1.00
        Max Iterations: 15  Fit Singlets: No  Critical Level Test: No 
        Use Fixed FWHM: No  FWHM Reject:  No  FWHM Reject Ratio:  0.00 
        Peak Fit Engine Name: PANOLIN1        Continuum Type: STEP   

   Pk IT  Energy      Area   Bkgnd  FWHM Channel  Left  PW  Cts/Sec  %err   Fit

    1  0    10.88      813    2916  2.69   40.79    26  22 1.4E+001  13.6   0.0
    2  0    22.83      -40    5227  0.58   84.60    81   9-6.7E-001 -264.   0.0
    3  0    35.07       35    5342  0.28  129.48   124  10 5.8E-001 316.1   0.0
 M  4 13    65.39      363    7362  1.31  240.59   234  35 6.1E+000  20.2   1.1
 m  5 13    67.16     2458    8486  1.31  247.10   234  35 4.1E+001   3.7   1.1
 m  6 13    68.88     5444    8050  1.32  253.40   234  35 9.1E+001   2.1   1.1
 m  7 13    70.84     3194    8156  1.32  260.56   234  35 5.3E+001   2.9   1.1
    8  0    77.87      231    8318  1.18  286.33   279  12 3.9E+000  63.1   0.0
    9  0    80.12      709    7313  1.14  294.58   290  11 1.2E+001  19.1   0.0
   10  0   155.48       10    4162  0.72  570.82   567   8 1.7E-001 908.5   0.0
   11  0   244.98       20    6591  0.42  898.87   895   9 3.3E-001 608.3   0.0
   12  0   269.04       80    4821  0.75  987.03   978  14 1.3E+000 144.6   0.0
   13  0   340.09        7    1479  0.72 1247.47  1243  11 1.1E-001 892.0   0.0
   14  0   373.61       35    1908  0.30 1370.36  1360  15 5.9E-001 212.0   0.0
 M 15 32   376.43       22     641  0.33 1380.66  1378  14 3.7E-001 131.9   0.2
 m 16 32   378.29       31     623  0.33 1387.51  1378  14 5.1E-001 131.8   0.2
   17  0   398.30       15    1022  0.37 1460.83  1457   8 2.5E-001 305.8   0.0
 M 18 14   411.66   327539    2317  1.62 1509.82  1479  60 5.5E+003   0.2 106.9
 m 19 14   415.00      796    2239  1.63 1522.06  1479  60 1.3E+001   6.1 106.9
   20  0   440.42        5     428  0.30 1615.21  1610  10 7.5E-002 692.8   0.0
   21  0   459.10      -62     665  0.27 1683.67  1664  24-1.0E+000 -82.0   0.0
   22  0   480.25       64     259  0.58 1761.23  1752  14 1.1E+000  43.8   0.0
   23  0   488.10       32     244  0.96 1790.00  1786  17 5.4E-001  86.8   0.0
   24  0   522.52       15      92  0.27 1916.16  1911  12 2.5E-001 106.4   0.0
   25  0   639.25        7      48  0.41 2344.01  2340  10 1.1E-001 162.7   0.0
   26  0   675.82     1615     130  1.79 2478.05  2465  24 2.7E+001   2.9   0.0
   27  0   688.70        3      34  0.62 2525.26  2521  10 5.6E-002 272.0   0.0
   28  0   697.18        6      22  0.45 2556.33  2552  10 1.0E-001 124.4   0.0
   29  0   717.27        1      20  0.27 2629.96  2625  10 1.1E-002 1076.   0.0
   30  0   727.57       10      19  0.40 2667.74  2663  10 1.6E-001  76.8   0.0
   31  0   750.52        1      17  0.39 2751.85  2747  11 1.4E-002 815.2   0.0
   32  0   775.95       -1      21  0.43 2845.06  2841  10-9.2E-003 -1261   0.0
   33  0   792.65        4      11  0.29 2906.28  2902  10 6.6E-002 135.5   0.0
   34  0   815.50       -1      10  0.27 2990.02  2986  10-1.8E-002 -488.   0.0
   35  0   823.70      855      47  1.79 3020.06  3010  22 1.4E+001   3.7   0.0
   36  0   829.27        2       8  0.30 3040.48  3036  10 3.2E-002 243.1   0.0
   37  0  1088.03      337       9  0.93 3988.92  3976  24 5.6E+000   5.7   0.0
   38  0  1461.24       20       6  1.40 5356.89  5351  12 3.3E-001  29.8   0.0
Peak Analysis Report                    6/25/2018   9:44:16 PM          Page 12


   Pk IT  Energy      Area   Bkgnd  FWHM Channel  Left  PW  Cts/Sec  %err   Fit


M = First peak in a multiplet region
m = Other peak in a multiplet region
F = Fitted singlet

Errors quoted at  1.000 sigma
Peak Analysis Report             6/25/2018   9:44:16 PM            Page 13


**************************************************************************
*****           P E A K    A N A L Y S I S    R E P O R T            *****
**************************************************************************


     Detector Name:  DSA1000A                        
     Sample Title:   Sample title.                                     
     Peak Analysis Performed on:  6/25/2018   9:44:15 PM
               Peak Analysis From Channel:      1
               Peak Analysis To Channel:     8192

   Peak  ROI  ROI   Energy   Net Peak Net Area  Continuum  Critical 
    No. start end    (keV)     Area    Uncert.    Counts     Level

    1    26-   47    10.88       812.9  110.70   2.92E+003  1.76E+002 
    2    81-   89    22.83       -39.9  105.55   5.23E+003  1.74E+002 
    3   124-  133    35.07        34.8  110.05   5.34E+003  1.81E+002 
 M  4   234-  268    65.39       363.3   73.42   7.36E+003  2.00E+002 
 m  5   234-  268    67.16      2457.8   91.16   8.49E+003  2.14E+002 
 m  6   234-  268    68.88      5444.3  112.29   8.05E+003  2.09E+002 
 m  7   234-  268    70.84      3193.7   93.62   8.16E+003  2.10E+002 
    8   279-  290    77.87       231.3  146.09   8.32E+003  2.39E+002 
    9   290-  300    80.12       709.3  135.60   7.31E+003  2.19E+002 
   10   567-  574   155.48        10.1   91.67   4.16E+003  1.51E+002 
   11   895-  903   244.98        19.5  118.82   6.59E+003  1.95E+002 
   12   978-  991   269.04        80.0  115.66   4.82E+003  1.90E+002 
   13  1243- 1253   340.09         6.7   59.47   1.48E+003  9.77E+001 
   14  1360- 1374   373.61        35.1   74.52   1.91E+003  1.22E+002 
 M 15  1378- 1391   376.43        22.3   29.42   6.41E+002  5.89E+001 
 m 16  1378- 1391   378.29        30.9   40.71   6.23E+002  5.81E+001 
   17  1457- 1464   398.30        14.9   45.67   1.02E+003  7.49E+001 
 M 18  1479- 1538   411.66    327539.4  574.20   2.32E+003  1.12E+002 
 m 19  1479- 1538   415.00       796.1   48.19   2.24E+003  1.10E+002 
   20  1610- 1619   440.42         4.5   31.17   4.28E+002  5.12E+001 
   21  1664- 1687   459.10       -62.2   51.05   6.65E+002  8.50E+001 
   22  1752- 1765   480.25        63.6   27.90   2.59E+002  4.40E+001 
   23  1786- 1802   488.10        32.5   28.18   2.44E+002  4.54E+001 
   24  1911- 1922   522.52        14.8   15.75   9.22E+001  2.51E+001 
   25  2340- 2349   639.25         6.6   10.77   4.84E+001  1.72E+001 
   26  2465- 2488   675.82      1615.4   46.15   1.30E+002  3.73E+001 
   27  2521- 2530   688.70         3.4    9.15   3.36E+001  1.47E+001 
   28  2552- 2561   697.18         6.1    7.60   2.19E+001  1.18E+001 
   29  2625- 2634   717.27         0.6    6.92   2.04E+001  1.13E+001 
   30  2663- 2672   727.57         9.7    7.43   1.93E+001  1.11E+001 
   31  2747- 2757   750.52         0.8    6.68   1.72E+001  1.09E+001 
   32  2841- 2850   775.95        -0.5    6.94   2.05E+001  1.15E+001 
   33  2902- 2911   792.65         4.0    5.40   1.10E+001  8.25E+000 
   34  2986- 2995   815.50        -1.1    5.29   1.01E+001  8.86E+000 
   35  3010- 3031   823.70       855.0   32.04   4.70E+001  2.16E+001 
   36  3036- 3045   829.27         1.9    4.68   8.07E+000  7.35E+000 
   37  3976- 3999  1088.03       337.2   19.29   8.82E+000  9.71E+000 
   38  5351- 5362  1461.24        20.0    5.95   6.00E+000  6.46E+000 

M = First peak in a multiplet region
m = Other peak in a multiplet region
F = Fitted singlet

Peak Analysis Report             6/25/2018   9:44:16 PM            Page 14

Errors quoted at  1.000 sigma

**************************************************************************
*****           P E A K    W I T H   N I D    R E P O R T            *****
**************************************************************************


     Detector Name:  DSA1000A                        
     Sample Title:   Sample title.                                     
     Peak Analysis Performed on:  6/25/2018   9:44:15 PM
               Peak Analysis From Channel:      1
               Peak Analysis To Channel:     8192
     Tentative NID Library:   C:\GENIE2K\CAMFILES\NAA LIB LONG.NLB     
     Peak Match Tolerance :    3.000 keV

   Peak  ROI  ROI    Peak    Energy   Net Peak Net Area  Continuum  Tentative
    No. Start End  Centroid   (keV)     Area    Uncert.    Counts    Nuclide 

    1    26-   47    40.79    10.88  8.13E+002  110.70   2.92E+003   .....    
    2    81-   89    84.60    22.83 -3.99E+001  105.55   5.23E+003   .....    
    3   124-  133   129.48    35.07  3.48E+001  110.05   5.34E+003   .....    
 M  4   234-  268   240.59    65.39  3.63E+002   73.42   7.36E+003   .....    
 m  5   234-  268   247.10    67.16  2.46E+003   91.16   8.49E+003   W-187    
 m  6   234-  268   253.40    68.88  5.44E+003  112.29   8.05E+003   W-187    
 m  7   234-  268   260.56    70.84  3.19E+003   93.62   8.16E+003   W-187    
                                                                     W-187    
    8   279-  290   286.33    77.87  2.31E+002  146.09   8.32E+003   AG-108m  
    9   290-  300   294.58    80.12  7.09E+002  135.60   7.31E+003   AG-108m  
   10   567-  574   570.82   155.48  1.01E+001   91.67   4.16E+003   RE-188   
                                                                     LU-177x  
   11   895-  903   898.87   244.98  1.95E+001  118.82   6.59E+003   EU-152x  
                                                                     XE-125   
                                                                     EU-154   
   12   978-  991   987.03   269.04  8.00E+001  115.66   4.82E+003   .....    
   13  1243- 1253  1247.47   340.09  6.67E+000   59.47   1.48E+003   PM-151   
   14  1360- 1374  1370.36   373.61  3.51E+001   74.52   1.91E+003   BA-131   
                                                                     XE-127   
 M 15  1378- 1391  1380.66   376.43  2.23E+001   29.42   6.41E+002   XE-127   
                                                                     LU-177x  
 m 16  1378- 1391  1387.51   378.29  3.09E+001   40.71   6.23E+002   LU-177x  
   17  1457- 1464  1460.83   398.30  1.49E+001   45.67   1.02E+003   YB-175   
                                                                     SE-75    
 M 18  1479- 1538  1509.82   411.66  3.28E+005  574.20   2.32E+003   AU-198   
                                                                     HO-166   
                                                                     LU-177x  
 m 19  1479- 1538  1522.06   415.00  7.96E+002   48.19   2.24E+003   LU-177x  
                                                                     GE-77    
   20  1610- 1619  1615.21   440.42  4.50E+000   31.17   4.28E+002   ZN-69m   
   21  1664- 1687  1683.67   459.10 -6.22E+001   51.05   6.65E+002   .....    
   22  1752- 1765  1761.23   480.25  6.36E+001   27.90   2.59E+002   W-187    
                                                                     HF-181   
   23  1786- 1802  1790.00   488.10  3.25E+001   28.18   2.44E+002   LA-140   
                                                                     Ca-47    
   24  1911- 1922  1916.16   522.52  1.48E+001   15.75   9.22E+001   .....    
   25  2340- 2349  2344.01   639.25  6.62E+000   10.77   4.84E+001   .....    
   26  2465- 2488  2478.05   675.82  1.62E+003   46.15   1.30E+002   AG-110m  
   27  2521- 2530  2525.26   688.70  3.36E+000    9.15   3.36E+001   AG-110m  
                                                                     W-187    
Peak with NID Report             6/25/2018   9:44:16 PM            Page 15

   28  2552- 2561  2556.33   697.18  6.11E+000    7.60   2.19E+001   BR-82x   
   29  2625- 2634  2629.96   717.27  6.43E-001    6.92   2.04E+001   GE-77    
   30  2663- 2672  2667.74   727.57  9.67E+000    7.43   1.93E+001   IN-114m  
   31  2747- 2757  2751.85   750.52  8.19E-001    6.68   1.72E+001   HO-166   
   32  2841- 2850  2845.06   775.95 -5.50E-001    6.94   2.05E+001   BR-82x   
                                                                     TE-131x  
                                                                     EU-152x  
   33  2902- 2911  2906.28   792.65  3.98E+000    5.40   1.10E+001   TE-131x  
   34  2986- 2995  2990.02   815.50 -1.08E+000    5.29   1.01E+001   LA-140   
                                                                     AG-110m  
   35  3010- 3031  3020.06   823.70  8.55E+002   32.04   4.70E+001   .....    
   36  3036- 3045  3040.48   829.27  1.93E+000    4.68   8.07E+000   HO-166   
                                                                     BR-82x   
   37  3976- 3999  3988.92  1088.03  3.37E+002   19.29   8.82E+000   EU-152x  
                                                                     GE-77    
   38  5351- 5362  5356.89  1461.24  2.00E+001    5.95   6.00E+000   .....    
Peak with NID Report             6/25/2018   9:44:16 PM            Page 16


   Peak  ROI  ROI    Peak    Energy   Net Peak Net Area  Continuum  Tentative
    No. start end  centroid   (keV)     Area    Uncert.    Counts    Nuclide 


M = First peak in a multiplet region
m = Other peak in a multiplet region
F = Fitted singlet

Errors quoted at  1.000 sigma
Peak Efficiency Report             6/25/2018   9:44:16 PM          Page 17


**************************************************************************
*****         P E A K    E F F I C I E N C Y    R E P O R T          *****
**************************************************************************

     Detector Name:  DSA1000A                        
     Sample Title:   Sample title.                                     
     Peak Analysis Performed on:  6/25/2018   9:44:15 PM


 Peak  Energy   Net Peak  Net Area       Peak     Efficiency
 No.   (keV)      Area   Uncertainty  Efficiency  Uncertainty

    1    10.88  8.13E+002   110.70     2.39E-002    2.06E-003
    2    22.83 -3.99E+001   105.55     2.39E-002    2.06E-003
    3    35.07  3.48E+001   110.05     2.39E-002    2.06E-003
 M  4    65.39  3.63E+002    73.42     3.13E-002    1.17E-003
 m  5    67.16  2.46E+003    91.16     3.40E-002    9.81E-004
 m  6    68.88  5.44E+003   112.29     3.68E-002    8.31E-004
 m  7    70.84  3.19E+003    93.62     4.02E-002    6.92E-004
    8    77.87  2.31E+002   146.09     5.40E-002    3.72E-004
    9    80.12  7.09E+002   135.60     5.90E-002    3.08E-004
   10   155.48  1.01E+001    91.67     9.33E-002    4.81E-004
   11   244.98  1.95E+001   118.82     7.28E-002    4.14E-004
   12   269.04  8.00E+001   115.66     6.78E-002    3.73E-004
   13   340.09  6.67E+000    59.47     5.68E-002    2.86E-004
   14   373.61  3.51E+001    74.52     5.29E-002    2.57E-004
 M 15   376.43  2.23E+001    29.42     5.26E-002    2.55E-004
 m 16   378.29  3.09E+001    40.71     5.24E-002    2.54E-004
   17   398.30  1.49E+001    45.67     5.04E-002    2.39E-004
 M 18   411.66  3.28E+005   574.20     4.91E-002    2.31E-004
 m 19   415.00  7.96E+002    48.19     4.88E-002    2.28E-004
   20   440.42  4.50E+000    31.17     4.65E-002    2.21E-004
   21   459.10 -6.22E+001    51.05     4.48E-002    2.21E-004
   22   480.25  6.36E+001    27.90     4.30E-002    2.21E-004
   23   488.10  3.25E+001    28.18     4.24E-002    2.21E-004
   24   522.52  1.48E+001    15.75     3.98E-002    2.22E-004
   25   639.25  6.62E+000    10.77     3.33E-002    2.18E-004
   26   675.82  1.62E+003    46.15     3.17E-002    2.14E-004
   27   688.70  3.36E+000     9.15     3.12E-002    2.13E-004
   28   697.18  6.11E+000     7.60     3.08E-002    2.12E-004
   29   717.27  6.43E-001     6.92     3.01E-002    2.10E-004
   30   727.57  9.67E+000     7.43     2.97E-002    2.09E-004
   31   750.52  8.19E-001     6.68     2.89E-002    2.07E-004
   32   775.95 -5.50E-001     6.94     2.81E-002    2.04E-004
   33   792.65  3.98E+000     5.40     2.76E-002    2.03E-004
   34   815.50 -1.08E+000     5.29     2.69E-002    2.01E-004
   35   823.70  8.55E+002    32.04     2.67E-002    2.00E-004
   36   829.27  1.93E+000     4.68     2.65E-002    2.00E-004
   37  1088.03  3.37E+002    19.29     2.02E-002    7.01E-005
   38  1461.24  2.00E+001     5.95     1.69E-002    4.80E-005


M = First peak in a multiplet region
m = Other peak in a multiplet region
F = Fitted singlet

Errors quoted at  1.000 sigma
Background Subtract Report             6/25/2018   9:44:16 PM      Page 18

No background subtract performed on this spectrum.
No area correction performed on this spectrum.
Nuclide Identification Report        6/25/2018   9:44:16 PM        Page 19


*************************************************************************
*****   N U C L I D E   I D E N T I F I C A T I O N   R E P O R T   *****
*************************************************************************

     Sample Title:         Sample title.                           
     Nuclide Library Used: C:\GENIE2K\CAMFILES\NAA LIB LONG.NLB    

   ....................    IDENTIFIED NUCLIDES     ....................

   Nuclide    Id       Energy   Yield     Activity     Activity
   Name    Confidence  (keV)     (%)     (uCi/Unit)   Uncertainty

   ZN-69m    0.945    438.63*   94.77    4.606E-005   3.191E-004
   BR-82x    0.070    554.35    70.80
                      619.11    43.40
                      698.37*   28.50    3.130E-004   3.895E-004
                      776.52*   83.50   -1.056E-005   1.332E-004
                      827.83*   24.00    1.363E-004   3.313E-004
                     1044.00    27.20
                     1317.47    26.50
                     1474.88    16.32
   PM-151    0.289    167.75     8.30
                      275.21     6.80
                      340.08*   22.50    2.352E-004   2.098E-003
   YB-175    0.933    396.32*    6.50    2.055E-003   6.291E-003
   HF-181    0.120    133.02    43.30
                      136.26     5.85
                      345.93    15.12
                      482.18*   80.50    8.286E-004   3.634E-004
   W-187     0.339     59.72     7.20
                       61.14    12.50
                       69.30*    5.36    1.244E+000   6.367E-002
                       72.00*   11.10    3.228E-001   1.599E-002
                      134.25     8.80
                      479.55*   21.80    3.061E-003   1.347E-003
                      551.52     5.08
                      618.26     6.28
                      685.73*   27.30    1.781E-004   4.846E-004
   RE-188    0.996    155.03*   14.90    3.270E-004   2.971E-003
   AU-198    1.000    411.80*   95.58    3.144E+000   1.624E-002

       * = Energy line found in the spectrum.
       Energy Tolerance :    3.000 keV
       Nuclide confidence index threshold =   0.05
       Errors quoted at  1.000 sigma

Nuclide Identification Report        6/25/2018   9:44:16 PM        Page 20


   **********   U N I D E N T I F I E D   P E A K S   **********

               Peak Locate Performed on:  6/25/2018   9:44:14 PM
               Peak Locate From Channel:      1
               Peak Locate To Channel:    65535

       Peak   Energy           Peak Size in        Peak CPS
        No.   (keV)          Counts per Second   % Uncertainty

         1    10.88             1.3549E+001          13.62
         2    22.83            -6.6514E-001        -264.48
         3    35.07             5.8023E-001         316.10
      M  4    65.39             6.0553E+000          20.21
      m  5    67.16             4.0964E+001           3.71
         8    77.87             3.8558E+000          63.15
         9    80.12             1.1822E+001          19.12
        11   244.98             3.2556E-001         608.27
        12   269.04             1.3333E+000         144.59
        14   373.61             5.8571E-001         212.04
      M 15   376.43             3.7187E-001         131.86
      m 16   378.29             5.1474E-001         131.81
      m 19   415.00             1.3269E+001           6.05
        21   459.10            -1.0373E+000         -82.02
        23   488.10             5.4094E-001          86.84
        24   522.52             2.4688E-001         106.35
        25   639.25             1.1030E-001         162.72
        26   675.82             2.6923E+001           2.86
        29   717.27             1.0714E-002        1076.15
        30   727.57             1.6121E-001          76.84
        31   750.52             1.3657E-002         815.24
        33   792.65             6.6389E-002         135.52
        34   815.50            -1.8056E-002        -488.00
        35   823.70             1.4250E+001           3.75
        37  1088.03             5.6197E+000           5.72
        38  1461.24             3.3333E-001          29.75

       M = First peak in a multiplet region
       m = Other peak in a multiplet region
       F = Fitted singlet

       Errors quoted at  1.000 sigma
Interference Corrected Activity Report    6/25/2018   9:44:16 PM   Page 21


*************************************************************************
*****   N U C L I D E   I D E N T I F I C A T I O N   R E P O R T   *****
*************************************************************************

     Sample Title:         Sample title.                           
     Nuclide Library Used: C:\GENIE2K\CAMFILES\NAA LIB LONG.NLB    

   ....................    IDENTIFIED NUCLIDES     ....................

   Nuclide    Id       Energy    Yield     Activity     Activity
   Name    Confidence  (keV)      (%)     (uCi/Unit)   Uncertainty

   ZN-69m    0.945    438.63*    94.77   4.60590E-005  3.19082E-004
   BR-82x    0.070    554.35     70.80
                      619.11     43.40
                      698.37*    28.50   3.12998E-004  3.89529E-004
                      776.52*    83.50  -1.05631E-005  1.33235E-004
                      827.83*    24.00   1.36306E-004  3.31332E-004
                     1044.00     27.20
                     1317.47     26.50
                     1474.88     16.32
   PM-151    0.289    167.75      8.30
                      275.21      6.80
                      340.08*    22.50   2.35163E-004  2.09758E-003
   YB-175    0.933    396.32*     6.50   2.05545E-003  6.29130E-003
   HF-181    0.120    133.02     43.30
                      136.26      5.85
                      345.93     15.12
                      482.18*    80.50   8.28568E-004  3.63370E-004
   W-187     0.339     59.72      7.20
                       61.14     12.50
                       69.30*     5.36   1.24381E+000  6.36659E-002
                       72.00*    11.10   3.22838E-001  1.59942E-002
                      134.25      8.80
                      479.55*    21.80   3.06052E-003  1.34675E-003
                      551.52      5.08
                      618.26      6.28
                      685.73*    27.30   1.78139E-004  4.84561E-004
   RE-188    0.996    155.03*    14.90   3.26993E-004  2.97068E-003
   AU-198    1.000    411.80*    95.58   3.14374E+000  1.62406E-002

       * = Energy line found in the spectrum.
       @ = Energy line not used for Weighted Mean Activity
       Energy Tolerance :    3.000 keV
       Nuclide confidence index threshold =   0.05
       Errors quoted at  1.000 sigma

Interference Corrected Activity Report    6/25/2018   9:44:16 PM   Page 22


*************************************************************************
*****   I N T E R F E R E N C E   C O R R E C T E D   R E P O R T   *****
*************************************************************************


                 Nuclide       Wt mean         Wt mean
       Nuclide     Id          Activity        Activity
       Name     Confidence    (uCi/Unit)      Uncertainty

       ZN-69m     0.945      4.605897E-005   3.190823E-004
       BR-82x     0.070      2.104794E-004   2.523804E-004
       PM-151     0.289      2.351627E-004   2.097585E-003
       YB-175     0.933      2.055450E-003   6.291295E-003
       HF-181     0.120      5.559675E-004   3.862394E-004
       W-187      0.339      1.006915E-003   4.840062E-004
       RE-188     0.996      3.269929E-004   2.970683E-003
       AU-198     1.000      3.143741E+000   1.624064E-002

       ? = nuclide is part of an undetermined solution
       X = nuclide rejected by the interference analysis
       @ = nuclide contains energy lines not used in Weighted Mean Activity

       Errors quoted at  1.000 sigma

Interference Corrected Activity Report    6/25/2018   9:44:16 PM   Page 23


   **********   U N I D E N T I F I E D   P E A K S   **********

               Peak Locate Performed on:  6/25/2018   9:44:14 PM
               Peak Locate From Channel:      1
               Peak Locate To Channel:    65535

       Peak   Energy           Peak Size in        Peak CPS
        No.   (keV)          Counts per Second   % Uncertainty

         1    10.88             1.3549E+001          13.62
         2    22.83            -6.6514E-001        -264.48
         3    35.07             5.8023E-001         316.10
      M  4    65.39             6.0553E+000          20.21
      m  5    67.16             4.0964E+001           3.71
         8    77.87             3.8558E+000          63.15
         9    80.12             1.1822E+001          19.12
        11   244.98             3.2556E-001         608.27
        12   269.04             1.3333E+000         144.59
        14   373.61             5.8571E-001         212.04
      M 15   376.43             3.7187E-001         131.86
      m 16   378.29             5.1474E-001         131.81
      m 19   415.00             1.3269E+001           6.05
        21   459.10            -1.0373E+000         -82.02
        23   488.10             5.4094E-001          86.84
        24   522.52             2.4688E-001         106.35
        25   639.25             1.1030E-001         162.72
        26   675.82             2.6923E+001           2.86
        29   717.27             1.0714E-002        1076.15
        30   727.57             1.6121E-001          76.84
        31   750.52             1.3657E-002         815.24
        33   792.65             6.6389E-002         135.52
        34   815.50            -1.8056E-002        -488.00
        35   823.70             1.4250E+001           3.75
        37  1088.03             5.6197E+000           5.72
        38  1461.24             3.3333E-001          29.75

       M = First peak in a multiplet region
       m = Other peak in a multiplet region
       F = Fitted singlet

       Errors quoted at  1.000 sigma
Nuclide MDA Report                      6/25/2018   9:44:16 PM     Page 24


No MDA analysis results available for reporting purposes
Nuclide MDA Report                      6/25/2018   9:44:16 PM     Page 25


No MDA analysis results available for reporting purposes
Action Level Summary Report             6/25/2018   9:44:16 PM     Page 26


No Action Level results available for reporting purposes
Auto Gain Adjust                     6/25/2018   9:44:16 PM       Page 27


*************************************************************************
*****                 A U T O  G A I N   A D J U S T                *****
*************************************************************************

Report Generated On:                               6/25/2018   9:44:16 PM


Status:                                                                 
No AGA results for reporting.


This report is valid only if a Certificate was the source of the true values.


Status:                                                                 
No AGA results for reporting.

